                                   MODFLOW 6
                U.S. GEOLOGICAL SURVEY MODULAR HYDROLOGIC MODEL
                            VERSION 6.3.0 03/04/2022

   MODFLOW 6 compiled Mar 02 2022 15:29:04 with Intel(R) Fortran Intel(R) 64
   Compiler Classic for applications running on Intel(R) 64, Version 2021.5.0
                             Build 20211109_000000

This software has been approved for release by the U.S. Geological 
Survey (USGS). Although the software has been subjected to rigorous 
review, the USGS reserves the right to update the software as needed 
pursuant to further analysis and review. No warranty, expressed or 
implied, is made by the USGS or the U.S. Government as to the 
functionality of the software and related material nor shall the 
fact of release constitute any such warranty. Furthermore, the 
software is released on condition that neither the USGS nor the U.S. 
Government shall be held liable for any damages resulting from its 
authorized or unauthorized use. Also refer to the USGS Water 
Resources Software User Rights Notice for complete use, copyright, 
and distribution information.


As a work of the United States Government, this USGS product is 
in the public domain within the United States. You can copy, 
modify, distribute, and perform the work, even for commercial 
purposes, all without asking permission. Additionally, USGS 
waives copyright and related rights in the work worldwide 
through CC0 1.0 Universal Public Domain Dedication 
(https://creativecommons.org/publicdomain/zero/1.0/).

The following GNU Lesser General Public License (LGPL) libraries
are used in this USGS product:

    SPARSKIT version 2.0
      ilut, luson, and qsplit 
      (https://www-users.cse.umn.edu/~saad/software/SPARSKIT/)

    RCM - Reverse Cuthill McKee Ordering
      (https://people.math.sc.edu/Burkardt/f_src/rcm/rcm.html)

    BLAS - Basic Linear Algebra Subprograms Level 1
      (https://people.math.sc.edu/Burkardt/f_src/blas1_d/blas1_d.html)

    SPARSEKIT - Sparse Matrix Utility Package
      amux, dperm, dvperm, rperm, and cperm
      (https://people.sc.fsu.edu/~jburkardt/f77_src/sparsekit/sparsekit.html)

The following BSD-3 License libraries are used in this USGS product:

    Modern Fortran DAG Library
      Copyright (c) 2018, Jacob Williams
      All rights reserved.
      (https://github.com/jacobwilliams/daglib)

MODFLOW 6 compiler options: /Isrc\libmf6core.a.p /Isrc /I..\src
/Isrc\libmf6_external.a.p /MTd /nologo /warn:general /warn:truncated_source
/stand:f08 /Zi /traceback /O2 /Zi /fpe:0 /fpp /Qdiag-disable:7416
/Qdiag-disable:7025 /Qdiag-disable:5268
/Fdsrc\libmf6core.a.p\Utilities_compilerversion.F90.pdb
/module:src\libmf6core.a.p
/Fosrc/libmf6core.a.p/Utilities_compilerversion.F90.obj /c

System command used to initiate simulation:
"D:\LISS_GW\GW_Models\bin\mf6.exe"

MODFLOW was compiled using uniform precision.

Real Variables
  KIND: 8
  TINY (smallest non-zero value):    2.225074-308
  HUGE (largest value):    1.797693+308
  PRECISION: 15
  BIT SIZE: 64

Integer Variables
  KIND: 4
  HUGE (largest value): 2147483647
  BIT SIZE: 32

Long Integer Variables
  KIND: 8
  HUGE (largest value): 9223372036854775807
  BIT SIZE: 64

Logical Variables
  KIND: 4
  BIT SIZE: 32
 

 OPENED mfsim.nam
 FILE TYPE:NAM   UNIT 1001   STATUS:OLD                 
 FORMAT:FORMATTED              ACCESS:SEQUENTIAL          
 ACTION:READ                

 # File generated by Flopy version 3.9.1 on 07/24/2025 at 10:05:47.

 READING SIMULATION OPTIONS
 END OF SIMULATION OPTIONS

 READING SIMULATION TIMING

 OPENED sim.tdis
 FILE TYPE:TDIS   UNIT 1002   STATUS:OLD                 
 FORMAT:FORMATTED              ACCESS:SEQUENTIAL          
 ACTION:READ                


 TDIS -- TEMPORAL DISCRETIZATION PACKAGE,
 VERSION 1 : 11/13/2014 - INPUT READ FROM UNIT 1002
 # File generated by Flopy version 3.9.1 on 07/24/2025 at 10:05:47.
 PROCESSING TDIS OPTIONS
    SIMULATION TIME UNIT IS DAYS
    SIMULATION STARTING DATE AND TIME IS 2017-01-01                    
 END OF TDIS OPTIONS
 PROCESSING TDIS DIMENSIONS
  366 STRESS PERIOD(S) IN SIMULATION
 END OF TDIS DIMENSIONS
 PROCESSING TDIS PERIODDATA


 STRESS PERIOD     LENGTH       TIME STEPS     MULTIPLIER FOR DELT
 ----------------------------------------------------------------------------
        1         365.0000          3                    1.300
        2         1.000000          1                    1.000
        3         1.000000          1                    1.000
        4         1.000000          1                    1.000
        5         1.000000          1                    1.000
        6         1.000000          1                    1.000
        7         1.000000          1                    1.000
        8         1.000000          1                    1.000
        9         1.000000          1                    1.000
       10         1.000000          1                    1.000
       11         1.000000          1                    1.000
       12         1.000000          1                    1.000
       13         1.000000          1                    1.000
       14         1.000000          1                    1.000
       15         1.000000          1                    1.000
       16         1.000000          1                    1.000
       17         1.000000          1                    1.000
       18         1.000000          1                    1.000
       19         1.000000          1                    1.000
       20         1.000000          1                    1.000
       21         1.000000          1                    1.000
       22         1.000000          1                    1.000
       23         1.000000          1                    1.000
       24         1.000000          1                    1.000
       25         1.000000          1                    1.000
       26         1.000000          1                    1.000
       27         1.000000          1                    1.000
       28         1.000000          1                    1.000
       29         1.000000          1                    1.000
       30         1.000000          1                    1.000
       31         1.000000          1                    1.000
       32         1.000000          1                    1.000
       33         1.000000          1                    1.000
       34         1.000000          1                    1.000
       35         1.000000          1                    1.000
       36         1.000000          1                    1.000
       37         1.000000          1                    1.000
       38         1.000000          1                    1.000
       39         1.000000          1                    1.000
       40         1.000000          1                    1.000
       41         1.000000          1                    1.000
       42         1.000000          1                    1.000
       43         1.000000          1                    1.000
       44         1.000000          1                    1.000
       45         1.000000          1                    1.000
       46         1.000000          1                    1.000
       47         1.000000          1                    1.000
       48         1.000000          1                    1.000
       49         1.000000          1                    1.000
       50         1.000000          1                    1.000
       51         1.000000          1                    1.000
       52         1.000000          1                    1.000
       53         1.000000          1                    1.000
       54         1.000000          1                    1.000
       55         1.000000          1                    1.000
       56         1.000000          1                    1.000
       57         1.000000          1                    1.000
       58         1.000000          1                    1.000
       59         1.000000          1                    1.000
       60         1.000000          1                    1.000
       61         1.000000          1                    1.000
       62         1.000000          1                    1.000
       63         1.000000          1                    1.000
       64         1.000000          1                    1.000
       65         1.000000          1                    1.000
       66         1.000000          1                    1.000
       67         1.000000          1                    1.000
       68         1.000000          1                    1.000
       69         1.000000          1                    1.000
       70         1.000000          1                    1.000
       71         1.000000          1                    1.000
       72         1.000000          1                    1.000
       73         1.000000          1                    1.000
       74         1.000000          1                    1.000
       75         1.000000          1                    1.000
       76         1.000000          1                    1.000
       77         1.000000          1                    1.000
       78         1.000000          1                    1.000
       79         1.000000          1                    1.000
       80         1.000000          1                    1.000
       81         1.000000          1                    1.000
       82         1.000000          1                    1.000
       83         1.000000          1                    1.000
       84         1.000000          1                    1.000
       85         1.000000          1                    1.000
       86         1.000000          1                    1.000
       87         1.000000          1                    1.000
       88         1.000000          1                    1.000
       89         1.000000          1                    1.000
       90         1.000000          1                    1.000
       91         1.000000          1                    1.000
       92         1.000000          1                    1.000
       93         1.000000          1                    1.000
       94         1.000000          1                    1.000
       95         1.000000          1                    1.000
       96         1.000000          1                    1.000
       97         1.000000          1                    1.000
       98         1.000000          1                    1.000
       99         1.000000          1                    1.000
      100         1.000000          1                    1.000
      101         1.000000          1                    1.000
      102         1.000000          1                    1.000
      103         1.000000          1                    1.000
      104         1.000000          1                    1.000
      105         1.000000          1                    1.000
      106         1.000000          1                    1.000
      107         1.000000          1                    1.000
      108         1.000000          1                    1.000
      109         1.000000          1                    1.000
      110         1.000000          1                    1.000
      111         1.000000          1                    1.000
      112         1.000000          1                    1.000
      113         1.000000          1                    1.000
      114         1.000000          1                    1.000
      115         1.000000          1                    1.000
      116         1.000000          1                    1.000
      117         1.000000          1                    1.000
      118         1.000000          1                    1.000
      119         1.000000          1                    1.000
      120         1.000000          1                    1.000
      121         1.000000          1                    1.000
      122         1.000000          1                    1.000
      123         1.000000          1                    1.000
      124         1.000000          1                    1.000
      125         1.000000          1                    1.000
      126         1.000000          1                    1.000
      127         1.000000          1                    1.000
      128         1.000000          1                    1.000
      129         1.000000          1                    1.000
      130         1.000000          1                    1.000
      131         1.000000          1                    1.000
      132         1.000000          1                    1.000
      133         1.000000          1                    1.000
      134         1.000000          1                    1.000
      135         1.000000          1                    1.000
      136         1.000000          1                    1.000
      137         1.000000          1                    1.000
      138         1.000000          1                    1.000
      139         1.000000          1                    1.000
      140         1.000000          1                    1.000
      141         1.000000          1                    1.000
      142         1.000000          1                    1.000
      143         1.000000          1                    1.000
      144         1.000000          1                    1.000
      145         1.000000          1                    1.000
      146         1.000000          1                    1.000
      147         1.000000          1                    1.000
      148         1.000000          1                    1.000
      149         1.000000          1                    1.000
      150         1.000000          1                    1.000
      151         1.000000          1                    1.000
      152         1.000000          1                    1.000
      153         1.000000          1                    1.000
      154         1.000000          1                    1.000
      155         1.000000          1                    1.000
      156         1.000000          1                    1.000
      157         1.000000          1                    1.000
      158         1.000000          1                    1.000
      159         1.000000          1                    1.000
      160         1.000000          1                    1.000
      161         1.000000          1                    1.000
      162         1.000000          1                    1.000
      163         1.000000          1                    1.000
      164         1.000000          1                    1.000
      165         1.000000          1                    1.000
      166         1.000000          1                    1.000
      167         1.000000          1                    1.000
      168         1.000000          1                    1.000
      169         1.000000          1                    1.000
      170         1.000000          1                    1.000
      171         1.000000          1                    1.000
      172         1.000000          1                    1.000
      173         1.000000          1                    1.000
      174         1.000000          1                    1.000
      175         1.000000          1                    1.000
      176         1.000000          1                    1.000
      177         1.000000          1                    1.000
      178         1.000000          1                    1.000
      179         1.000000          1                    1.000
      180         1.000000          1                    1.000
      181         1.000000          1                    1.000
      182         1.000000          1                    1.000
      183         1.000000          1                    1.000
      184         1.000000          1                    1.000
      185         1.000000          1                    1.000
      186         1.000000          1                    1.000
      187         1.000000          1                    1.000
      188         1.000000          1                    1.000
      189         1.000000          1                    1.000
      190         1.000000          1                    1.000
      191         1.000000          1                    1.000
      192         1.000000          1                    1.000
      193         1.000000          1                    1.000
      194         1.000000          1                    1.000
      195         1.000000          1                    1.000
      196         1.000000          1                    1.000
      197         1.000000          1                    1.000
      198         1.000000          1                    1.000
      199         1.000000          1                    1.000
      200         1.000000          1                    1.000
      201         1.000000          1                    1.000
      202         1.000000          1                    1.000
      203         1.000000          1                    1.000
      204         1.000000          1                    1.000
      205         1.000000          1                    1.000
      206         1.000000          1                    1.000
      207         1.000000          1                    1.000
      208         1.000000          1                    1.000
      209         1.000000          1                    1.000
      210         1.000000          1                    1.000
      211         1.000000          1                    1.000
      212         1.000000          1                    1.000
      213         1.000000          1                    1.000
      214         1.000000          1                    1.000
      215         1.000000          1                    1.000
      216         1.000000          1                    1.000
      217         1.000000          1                    1.000
      218         1.000000          1                    1.000
      219         1.000000          1                    1.000
      220         1.000000          1                    1.000
      221         1.000000          1                    1.000
      222         1.000000          1                    1.000
      223         1.000000          1                    1.000
      224         1.000000          1                    1.000
      225         1.000000          1                    1.000
      226         1.000000          1                    1.000
      227         1.000000          1                    1.000
      228         1.000000          1                    1.000
      229         1.000000          1                    1.000
      230         1.000000          1                    1.000
      231         1.000000          1                    1.000
      232         1.000000          1                    1.000
      233         1.000000          1                    1.000
      234         1.000000          1                    1.000
      235         1.000000          1                    1.000
      236         1.000000          1                    1.000
      237         1.000000          1                    1.000
      238         1.000000          1                    1.000
      239         1.000000          1                    1.000
      240         1.000000          1                    1.000
      241         1.000000          1                    1.000
      242         1.000000          1                    1.000
      243         1.000000          1                    1.000
      244         1.000000          1                    1.000
      245         1.000000          1                    1.000
      246         1.000000          1                    1.000
      247         1.000000          1                    1.000
      248         1.000000          1                    1.000
      249         1.000000          1                    1.000
      250         1.000000          1                    1.000
      251         1.000000          1                    1.000
      252         1.000000          1                    1.000
      253         1.000000          1                    1.000
      254         1.000000          1                    1.000
      255         1.000000          1                    1.000
      256         1.000000          1                    1.000
      257         1.000000          1                    1.000
      258         1.000000          1                    1.000
      259         1.000000          1                    1.000
      260         1.000000          1                    1.000
      261         1.000000          1                    1.000
      262         1.000000          1                    1.000
      263         1.000000          1                    1.000
      264         1.000000          1                    1.000
      265         1.000000          1                    1.000
      266         1.000000          1                    1.000
      267         1.000000          1                    1.000
      268         1.000000          1                    1.000
      269         1.000000          1                    1.000
      270         1.000000          1                    1.000
      271         1.000000          1                    1.000
      272         1.000000          1                    1.000
      273         1.000000          1                    1.000
      274         1.000000          1                    1.000
      275         1.000000          1                    1.000
      276         1.000000          1                    1.000
      277         1.000000          1                    1.000
      278         1.000000          1                    1.000
      279         1.000000          1                    1.000
      280         1.000000          1                    1.000
      281         1.000000          1                    1.000
      282         1.000000          1                    1.000
      283         1.000000          1                    1.000
      284         1.000000          1                    1.000
      285         1.000000          1                    1.000
      286         1.000000          1                    1.000
      287         1.000000          1                    1.000
      288         1.000000          1                    1.000
      289         1.000000          1                    1.000
      290         1.000000          1                    1.000
      291         1.000000          1                    1.000
      292         1.000000          1                    1.000
      293         1.000000          1                    1.000
      294         1.000000          1                    1.000
      295         1.000000          1                    1.000
      296         1.000000          1                    1.000
      297         1.000000          1                    1.000
      298         1.000000          1                    1.000
      299         1.000000          1                    1.000
      300         1.000000          1                    1.000
      301         1.000000          1                    1.000
      302         1.000000          1                    1.000
      303         1.000000          1                    1.000
      304         1.000000          1                    1.000
      305         1.000000          1                    1.000
      306         1.000000          1                    1.000
      307         1.000000          1                    1.000
      308         1.000000          1                    1.000
      309         1.000000          1                    1.000
      310         1.000000          1                    1.000
      311         1.000000          1                    1.000
      312         1.000000          1                    1.000
      313         1.000000          1                    1.000
      314         1.000000          1                    1.000
      315         1.000000          1                    1.000
      316         1.000000          1                    1.000
      317         1.000000          1                    1.000
      318         1.000000          1                    1.000
      319         1.000000          1                    1.000
      320         1.000000          1                    1.000
      321         1.000000          1                    1.000
      322         1.000000          1                    1.000
      323         1.000000          1                    1.000
      324         1.000000          1                    1.000
      325         1.000000          1                    1.000
      326         1.000000          1                    1.000
      327         1.000000          1                    1.000
      328         1.000000          1                    1.000
      329         1.000000          1                    1.000
      330         1.000000          1                    1.000
      331         1.000000          1                    1.000
      332         1.000000          1                    1.000
      333         1.000000          1                    1.000
      334         1.000000          1                    1.000
      335         1.000000          1                    1.000
      336         1.000000          1                    1.000
      337         1.000000          1                    1.000
      338         1.000000          1                    1.000
      339         1.000000          1                    1.000
      340         1.000000          1                    1.000
      341         1.000000          1                    1.000
      342         1.000000          1                    1.000
      343         1.000000          1                    1.000
      344         1.000000          1                    1.000
      345         1.000000          1                    1.000
      346         1.000000          1                    1.000
      347         1.000000          1                    1.000
      348         1.000000          1                    1.000
      349         1.000000          1                    1.000
      350         1.000000          1                    1.000
      351         1.000000          1                    1.000
      352         1.000000          1                    1.000
      353         1.000000          1                    1.000
      354         1.000000          1                    1.000
      355         1.000000          1                    1.000
      356         1.000000          1                    1.000
      357         1.000000          1                    1.000
      358         1.000000          1                    1.000
      359         1.000000          1                    1.000
      360         1.000000          1                    1.000
      361         1.000000          1                    1.000
      362         1.000000          1                    1.000
      363         1.000000          1                    1.000
      364         1.000000          1                    1.000
      365         1.000000          1                    1.000
      366         1.000000          1                    1.000
 END OF TDIS PERIODDATA
 END OF SIMULATION TIMING

 READING SIMULATION MODELS
    GWF6 model GWF will be created as model 1
    GWT6 model GWT will be created as model 2
 END OF SIMULATION MODELS

 READING SIMULATION EXCHANGES
    GWF6-GWT6 exchange 1 will be created to connect model 1 with model 2
 END OF SIMULATION EXCHANGES

 READING SOLUTIONGROUP

 Creating solution: SLN_1           

 OPENED gwf.ims
 FILE TYPE:IMS   UNIT 1026   STATUS:OLD                 
 FORMAT:FORMATTED              ACCESS:SEQUENTIAL          
 ACTION:READ                


 Creating solution: SLN_2           

 OPENED modflowsim.ims
 FILE TYPE:IMS   UNIT 1027   STATUS:OLD                 
 FORMAT:FORMATTED              ACCESS:SEQUENTIAL          
 ACTION:READ                

 END OF SIMULATION SOLUTIONGROUP

PROCESSING MODEL CONNECTIONS
END OF MODEL CONNECTIONS

 IMS -- ITERATIVE MODEL SOLUTION PACKAGE, VERSION 6, 4/28/2017
         INPUT READ FROM UNIT 1026
 # File generated by Flopy version 3.9.1 on 07/24/2025 at 10:05:47.

 PROCESSING IMS OPTIONS
 MODERATE OPTION:
 DEFAULT SOLVER INPUT VALUES REFLECT MODERETELY NONLINEAR MODEL
 END OF IMS OPTIONS
 **UNDER-RELAXATION WILL BE USED***
 
 ***IMS LINEAR SOLVER WILL BE USED***

 IMSLINEAR -- UNSTRUCTURED LINEAR SOLUTION PACKAGE, VERSION 8, 04/28/2017
 
 An asymmetric matrix will be solved

 OUTER ITERATION CONVERGENCE CRITERION    (DVCLOSE) =    0.100000E-01
 MAXIMUM NUMBER OF OUTER ITERATIONS        (MXITER) = 50
 SOLVER PRINTOUT INDEX                     (IPRIMS) = 1
 NONLINEAR ITERATION METHOD            (NONLINMETH) = 3
 LINEAR SOLUTION METHOD                   (LINMETH) = 1
 UNDER-RELAXATION WEIGHT REDUCTION FACTOR   (THETA) =    0.900000E+00
 UNDER-RELAXATION WEIGHT INCREASE INCREMENT (KAPPA) =    0.100000E-03
 UNDER-RELAXATION PREVIOUS HISTORY FACTOR   (GAMMA) =    0.000000E+00
 UNDER-RELAXATION MOMENTUM TERM         (AMOMENTUM) =    0.000000E+00

       SOLUTION BY THE BICONJUGATE-GRADIENT STABILIZED METHOD
 ------------------------------------------------------------------
 MAXIMUM OF 50 CALLS OF SOLUTION ROUTINE
 MAXIMUM OF 100 INTERNAL ITERATIONS PER CALL TO SOLUTION ROUTINE
 LINEAR ACCELERATION METHOD            = BCGS      
 MATRIX PRECONDITIONING TYPE           = MOD. INCOMPLETE LU  
 MATRIX SCALING APPROACH               = NO SCALING          
 MATRIX REORDERING APPROACH            = ORIGINAL ORDERING        
 NUMBER OF ORTHOGONALIZATIONS          = 0
 HEAD CHANGE CRITERION FOR CLOSURE     =    0.10000E-01
 RESIDUAL CHANGE CRITERION FOR CLOSURE =    0.10000E+00
 RESIDUAL CONVERGENCE OPTION           = 0
 RESIDUAL CONVERGENCE NORM             = INFINITY NORM   
 RELAXATION FACTOR                     =    0.97000E+00




 IMS -- ITERATIVE MODEL SOLUTION PACKAGE, VERSION 6, 4/28/2017
         INPUT READ FROM UNIT 1027
 # File generated by Flopy version 3.9.1 on 07/24/2025 at 10:05:47.

 PROCESSING IMS OPTIONS
 MODERATE OPTION:
 DEFAULT SOLVER INPUT VALUES REFLECT MODERETELY NONLINEAR MODEL
 END OF IMS OPTIONS
 **UNDER-RELAXATION WILL BE USED***
 
 ***IMS LINEAR SOLVER WILL BE USED***

 IMSLINEAR -- UNSTRUCTURED LINEAR SOLUTION PACKAGE, VERSION 8, 04/28/2017
 
 An asymmetric matrix will be solved

 OUTER ITERATION CONVERGENCE CRITERION    (DVCLOSE) =    0.100000E-01
 MAXIMUM NUMBER OF OUTER ITERATIONS        (MXITER) = 50
 SOLVER PRINTOUT INDEX                     (IPRIMS) = 1
 NONLINEAR ITERATION METHOD            (NONLINMETH) = 3
 LINEAR SOLUTION METHOD                   (LINMETH) = 1
 UNDER-RELAXATION WEIGHT REDUCTION FACTOR   (THETA) =    0.900000E+00
 UNDER-RELAXATION WEIGHT INCREASE INCREMENT (KAPPA) =    0.100000E-03
 UNDER-RELAXATION PREVIOUS HISTORY FACTOR   (GAMMA) =    0.000000E+00
 UNDER-RELAXATION MOMENTUM TERM         (AMOMENTUM) =    0.000000E+00

       SOLUTION BY THE BICONJUGATE-GRADIENT STABILIZED METHOD
 ------------------------------------------------------------------
 MAXIMUM OF 50 CALLS OF SOLUTION ROUTINE
 MAXIMUM OF 100 INTERNAL ITERATIONS PER CALL TO SOLUTION ROUTINE
 LINEAR ACCELERATION METHOD            = BCGS      
 MATRIX PRECONDITIONING TYPE           = MOD. INCOMPLETE LU  
 MATRIX SCALING APPROACH               = NO SCALING          
 MATRIX REORDERING APPROACH            = ORIGINAL ORDERING        
 NUMBER OF ORTHOGONALIZATIONS          = 0
 HEAD CHANGE CRITERION FOR CLOSURE     =    0.10000E-01
 RESIDUAL CHANGE CRITERION FOR CLOSURE =    0.10000E+00
 RESIDUAL CONVERGENCE OPTION           = 0
 RESIDUAL CONVERGENCE NORM             = INFINITY NORM   
 RELAXATION FACTOR                     =    0.97000E+00



 
    Solving:  Stress period:     1    Time step:     1
 
1
                            STRESS PERIOD NO. 1, LENGTH =   365.0000    
                            -----------------------------------------------
                            NUMBER OF TIME STEPS = 3
                            MULTIPLIER FOR DELT =     1.300
                            INITIAL TIME STEP SIZE =   91.47870    

 SLN_1 OUTER ITERATION SUMMARY
 ----------------------------------------------------------------------------------------------------------
                                OUTER      INNER                    STEP   MAXIMUM CHANGE MODEL-(CELLID) OR
 OUTER ITERATION STEP       ITERATION  ITERATION  MAXIMUM CHANGE SUCCESS             MODEL-PACKAGE-(NUMBER)
 ----------------------------------------------------------------------------------------------------------
 Model                              1         33       8.9610970                           1_GWF-(7,104,40)
 Model                              2         11     -0.26289205                            1_GWF-(1,61,28)
 Model                              3         10 -2.94123608E-02                            1_GWF-(1,67,59)
